<?xml version="1.0" encoding="UTF-8"?>
<coverage generated="1589895562268" clover="3.2.0">
  <project timestamp="1589895562268" name="All files">
    <metrics statements="20" coveredstatements="16" conditionals="10" coveredconditionals="8" methods="5" coveredmethods="5" elements="35" coveredelements="29" complexity="0" loc="20" ncloc="20" packages="1" files="2" classes="2"/>
    <file name="input.js" path="/mnt/c/Users/STD/projects/codefellows/401/notes/lib/input.js">
      <metrics statements="11" coveredstatements="8" conditionals="6" coveredconditionals="5" methods="2" coveredmethods="2"/>
      <line num="1" count="1" type="stmt"/>
      <line num="6" count="2" type="stmt"/>
      <line num="7" count="2" type="stmt"/>
      <line num="8" count="2" type="cond" truecount="3" falsecount="1"/>
      <line num="9" count="0" type="stmt"/>
      <line num="10" count="0" type="stmt"/>
      <line num="11" count="0" type="stmt"/>
      <line num="15" count="2" type="cond" truecount="2" falsecount="0"/>
      <line num="16" count="1" type="stmt"/>
      <line num="18" count="1" type="stmt"/>
      <line num="25" count="1" type="stmt"/>
    </file>
    <file name="notes.js" path="/mnt/c/Users/STD/projects/codefellows/401/notes/lib/notes.js">
      <metrics statements="9" coveredstatements="8" conditionals="4" coveredconditionals="3" methods="3" coveredmethods="3"/>
      <line num="2" count="1" type="stmt"/>
      <line num="23" count="1" type="stmt"/>
      <line num="26" count="1" type="cond" truecount="3" falsecount="1"/>
      <line num="28" count="1" type="stmt"/>
      <line num="30" count="0" type="stmt"/>
      <line num="37" count="1" type="stmt"/>
      <line num="38" count="1" type="stmt"/>
      <line num="39" count="1" type="stmt"/>
      <line num="43" count="1" type="stmt"/>
    </file>
  </project>
</coverage>
