<?xml version="1.0" encoding="UTF-8"?>
<coverage generated="1589830331619" clover="3.2.0">
  <project timestamp="1589830331619" name="All files">
    <metrics statements="19" coveredstatements="11" conditionals="10" coveredconditionals="6" methods="5" coveredmethods="4" elements="34" coveredelements="21" complexity="0" loc="19" ncloc="19" packages="1" files="2" classes="2"/>
    <file name="input.js" path="/mnt/c/Users/STD/projects/codefellows/401/notes/lib/input.js">
      <metrics statements="11" coveredstatements="8" conditionals="6" coveredconditionals="5" methods="2" coveredmethods="2"/>
      <line num="1" count="1" type="stmt"/>
      <line num="21" count="2" type="stmt"/>
      <line num="22" count="2" type="stmt"/>
      <line num="23" count="2" type="cond" truecount="3" falsecount="1"/>
      <line num="24" count="0" type="stmt"/>
      <line num="25" count="0" type="stmt"/>
      <line num="26" count="0" type="stmt"/>
      <line num="30" count="2" type="cond" truecount="2" falsecount="0"/>
      <line num="31" count="1" type="stmt"/>
      <line num="33" count="1" type="stmt"/>
      <line num="40" count="1" type="stmt"/>
    </file>
    <file name="notes.js" path="/mnt/c/Users/STD/projects/codefellows/401/notes/lib/notes.js">
      <metrics statements="8" coveredstatements="3" conditionals="4" coveredconditionals="1" methods="3" coveredmethods="2"/>
      <line num="22" count="2" type="stmt"/>
      <line num="25" count="2" type="cond" truecount="1" falsecount="3"/>
      <line num="27" count="0" type="stmt"/>
      <line num="30" count="0" type="stmt"/>
      <line num="36" count="0" type="stmt"/>
      <line num="37" count="0" type="stmt"/>
      <line num="38" count="0" type="stmt"/>
      <line num="42" count="1" type="stmt"/>
    </file>
  </project>
</coverage>
