{"/mnt/c/Users/STD/projects/codefellows/401/notes/DB/note-schema.js": {"path":"/mnt/c/Users/STD/projects/codefellows/401/notes/DB/note-schema.js","statementMap":{"0":{"start":{"line":2,"column":17},"end":{"line":2,"column":36}},"1":{"start":{"line":4,"column":11},"end":{"line":8,"column":2}},"2":{"start":{"line":9,"column":0},"end":{"line":9,"column":46}}},"fnMap":{},"branchMap":{},"s":{"0":1,"1":1,"2":1},"f":{},"b":{},"_coverageSchema":"1a1c01bbd47fc00a2c39e90264f33305004495a9","hash":"be3a640cf440a7dcc8bddbe1ab8eb5715ad5bb31"}
,"/mnt/c/Users/STD/projects/codefellows/401/notes/lib/input.js": {"path":"/mnt/c/Users/STD/projects/codefellows/401/notes/lib/input.js","statementMap":{"0":{"start":{"line":1,"column":17},"end":{"line":1,"column":36}},"1":{"start":{"line":4,"column":17},"end":{"line":4,"column":48}},"2":{"start":{"line":5,"column":4},"end":{"line":5,"column":36}},"3":{"start":{"line":6,"column":4},"end":{"line":6,"column":30}},"4":{"start":{"line":7,"column":4},"end":{"line":7,"column":32}},"5":{"start":{"line":8,"column":4},"end":{"line":8,"column":40}},"6":{"start":{"line":9,"column":4},"end":{"line":9,"column":32}},"7":{"start":{"line":11,"column":4},"end":{"line":42,"column":5}},"8":{"start":{"line":12,"column":6},"end":{"line":12,"column":34}},"9":{"start":{"line":13,"column":6},"end":{"line":13,"column":16}},"10":{"start":{"line":14,"column":10},"end":{"line":42,"column":5}},"11":{"start":{"line":15,"column":6},"end":{"line":23,"column":7}},"12":{"start":{"line":16,"column":8},"end":{"line":16,"column":63}},"13":{"start":{"line":17,"column":8},"end":{"line":17,"column":18}},"14":{"start":{"line":19,"column":8},"end":{"line":22,"column":35}},"15":{"start":{"line":24,"column":10},"end":{"line":42,"column":5}},"16":{"start":{"line":25,"column":6},"end":{"line":30,"column":7}},"17":{"start":{"line":26,"column":8},"end":{"line":26,"column":49}},"18":{"start":{"line":27,"column":8},"end":{"line":27,"column":18}},"19":{"start":{"line":29,"column":8},"end":{"line":29,"column":65}},"20":{"start":{"line":31,"column":10},"end":{"line":42,"column":5}},"21":{"start":{"line":32,"column":6},"end":{"line":32,"column":47}},"22":{"start":{"line":33,"column":10},"end":{"line":42,"column":5}},"23":{"start":{"line":34,"column":6},"end":{"line":39,"column":7}},"24":{"start":{"line":35,"column":8},"end":{"line":35,"column":41}},"25":{"start":{"line":36,"column":8},"end":{"line":36,"column":18}},"26":{"start":{"line":38,"column":8},"end":{"line":38,"column":47}},"27":{"start":{"line":40,"column":10},"end":{"line":42,"column":5}},"28":{"start":{"line":41,"column":6},"end":{"line":41,"column":28}},"29":{"start":{"line":45,"column":0},"end":{"line":45,"column":23}}},"fnMap":{"0":{"name":"(anonymous_0)","decl":{"start":{"line":3,"column":2},"end":{"line":3,"column":3}},"loc":{"start":{"line":3,"column":16},"end":{"line":43,"column":3}},"line":3}},"branchMap":{"0":{"loc":{"start":{"line":5,"column":16},"end":{"line":5,"column":35}},"type":"binary-expr","locations":[{"start":{"line":5,"column":16},"end":{"line":5,"column":27}},{"start":{"line":5,"column":29},"end":{"line":5,"column":35}}],"line":5},"1":{"loc":{"start":{"line":6,"column":13},"end":{"line":6,"column":29}},"type":"binary-expr","locations":[{"start":{"line":6,"column":13},"end":{"line":6,"column":21}},{"start":{"line":6,"column":23},"end":{"line":6,"column":29}}],"line":6},"2":{"loc":{"start":{"line":7,"column":14},"end":{"line":7,"column":31}},"type":"binary-expr","locations":[{"start":{"line":7,"column":14},"end":{"line":7,"column":23}},{"start":{"line":7,"column":25},"end":{"line":7,"column":31}}],"line":7},"3":{"loc":{"start":{"line":8,"column":18},"end":{"line":8,"column":39}},"type":"binary-expr","locations":[{"start":{"line":8,"column":18},"end":{"line":8,"column":31}},{"start":{"line":8,"column":33},"end":{"line":8,"column":39}}],"line":8},"4":{"loc":{"start":{"line":9,"column":14},"end":{"line":9,"column":31}},"type":"binary-expr","locations":[{"start":{"line":9,"column":14},"end":{"line":9,"column":23}},{"start":{"line":9,"column":25},"end":{"line":9,"column":31}}],"line":9},"5":{"loc":{"start":{"line":11,"column":4},"end":{"line":42,"column":5}},"type":"if","locations":[{"start":{"line":11,"column":4},"end":{"line":42,"column":5}},{"start":{"line":11,"column":4},"end":{"line":42,"column":5}}],"line":11},"6":{"loc":{"start":{"line":11,"column":9},"end":{"line":11,"column":67}},"type":"binary-expr","locations":[{"start":{"line":11,"column":9},"end":{"line":11,"column":17}},{"start":{"line":11,"column":19},"end":{"line":11,"column":30}},{"start":{"line":11,"column":32},"end":{"line":11,"column":41}},{"start":{"line":11,"column":43},"end":{"line":11,"column":56}},{"start":{"line":11,"column":58},"end":{"line":11,"column":67}}],"line":11},"7":{"loc":{"start":{"line":14,"column":10},"end":{"line":42,"column":5}},"type":"if","locations":[{"start":{"line":14,"column":10},"end":{"line":42,"column":5}},{"start":{"line":14,"column":10},"end":{"line":42,"column":5}}],"line":14},"8":{"loc":{"start":{"line":14,"column":13},"end":{"line":14,"column":38}},"type":"binary-expr","locations":[{"start":{"line":14,"column":13},"end":{"line":14,"column":21}},{"start":{"line":14,"column":25},"end":{"line":14,"column":38}}],"line":14},"9":{"loc":{"start":{"line":15,"column":6},"end":{"line":23,"column":7}},"type":"if","locations":[{"start":{"line":15,"column":6},"end":{"line":23,"column":7}},{"start":{"line":15,"column":6},"end":{"line":23,"column":7}}],"line":15},"10":{"loc":{"start":{"line":15,"column":9},"end":{"line":15,"column":50}},"type":"binary-expr","locations":[{"start":{"line":15,"column":9},"end":{"line":15,"column":26}},{"start":{"line":15,"column":30},"end":{"line":15,"column":50}}],"line":15},"11":{"loc":{"start":{"line":24,"column":10},"end":{"line":42,"column":5}},"type":"if","locations":[{"start":{"line":24,"column":10},"end":{"line":42,"column":5}},{"start":{"line":24,"column":10},"end":{"line":42,"column":5}}],"line":24},"12":{"loc":{"start":{"line":25,"column":6},"end":{"line":30,"column":7}},"type":"if","locations":[{"start":{"line":25,"column":6},"end":{"line":30,"column":7}},{"start":{"line":25,"column":6},"end":{"line":30,"column":7}}],"line":25},"13":{"loc":{"start":{"line":31,"column":10},"end":{"line":42,"column":5}},"type":"if","locations":[{"start":{"line":31,"column":10},"end":{"line":42,"column":5}},{"start":{"line":31,"column":10},"end":{"line":42,"column":5}}],"line":31},"14":{"loc":{"start":{"line":33,"column":10},"end":{"line":42,"column":5}},"type":"if","locations":[{"start":{"line":33,"column":10},"end":{"line":42,"column":5}},{"start":{"line":33,"column":10},"end":{"line":42,"column":5}}],"line":33},"15":{"loc":{"start":{"line":34,"column":6},"end":{"line":39,"column":7}},"type":"if","locations":[{"start":{"line":34,"column":6},"end":{"line":39,"column":7}},{"start":{"line":34,"column":6},"end":{"line":39,"column":7}}],"line":34},"16":{"loc":{"start":{"line":40,"column":10},"end":{"line":42,"column":5}},"type":"if","locations":[{"start":{"line":40,"column":10},"end":{"line":42,"column":5}},{"start":{"line":40,"column":10},"end":{"line":42,"column":5}}],"line":40}},"s":{"0":1,"1":3,"2":3,"3":3,"4":3,"5":3,"6":3,"7":3,"8":1,"9":1,"10":2,"11":0,"12":0,"13":0,"14":0,"15":2,"16":2,"17":1,"18":1,"19":1,"20":0,"21":0,"22":0,"23":0,"24":0,"25":0,"26":0,"27":0,"28":0,"29":1},"f":{"0":3},"b":{"0":[3,3],"1":[3,1],"2":[3,3],"3":[3,3],"4":[3,3],"5":[1,2],"6":[3,1,1,1,1],"7":[0,2],"8":[2,2],"9":[0,0],"10":[0,0],"11":[2,0],"12":[1,1],"13":[0,0],"14":[0,0],"15":[0,0],"16":[0,0]},"_coverageSchema":"1a1c01bbd47fc00a2c39e90264f33305004495a9","hash":"7cdd704334fa48d6ddcee0c3c496aeafea80221e"}
,"/mnt/c/Users/STD/projects/codefellows/401/notes/lib/notes.js": {"path":"/mnt/c/Users/STD/projects/codefellows/401/notes/lib/notes.js","statementMap":{"0":{"start":{"line":2,"column":18},"end":{"line":2,"column":49}},"1":{"start":{"line":5,"column":4},"end":{"line":5,"column":14}},"2":{"start":{"line":9,"column":4},"end":{"line":11,"column":5}},"3":{"start":{"line":10,"column":6},"end":{"line":10,"column":13}},"4":{"start":{"line":12,"column":4},"end":{"line":18,"column":5}},"5":{"start":{"line":13,"column":6},"end":{"line":13,"column":29}},"6":{"start":{"line":14,"column":10},"end":{"line":18,"column":5}},"7":{"start":{"line":15,"column":6},"end":{"line":15,"column":32}},"8":{"start":{"line":16,"column":10},"end":{"line":18,"column":5}},"9":{"start":{"line":17,"column":6},"end":{"line":17,"column":30}},"10":{"start":{"line":23,"column":13},"end":{"line":23,"column":56}},"11":{"start":{"line":24,"column":4},"end":{"line":24,"column":19}},"12":{"start":{"line":27,"column":16},"end":{"line":27,"column":73}},"13":{"start":{"line":28,"column":15},"end":{"line":28,"column":35}},"14":{"start":{"line":29,"column":4},"end":{"line":29,"column":18}},"15":{"start":{"line":33,"column":4},"end":{"line":37,"column":5}},"16":{"start":{"line":34,"column":6},"end":{"line":34,"column":38}},"17":{"start":{"line":36,"column":6},"end":{"line":36,"column":57}},"18":{"start":{"line":38,"column":4},"end":{"line":38,"column":16}},"19":{"start":{"line":41,"column":0},"end":{"line":41,"column":22}}},"fnMap":{"0":{"name":"(anonymous_0)","decl":{"start":{"line":4,"column":2},"end":{"line":4,"column":3}},"loc":{"start":{"line":4,"column":21},"end":{"line":7,"column":3}},"line":4},"1":{"name":"(anonymous_1)","decl":{"start":{"line":8,"column":2},"end":{"line":8,"column":3}},"loc":{"start":{"line":8,"column":16},"end":{"line":19,"column":3}},"line":8},"2":{"name":"(anonymous_2)","decl":{"start":{"line":22,"column":2},"end":{"line":22,"column":3}},"loc":{"start":{"line":22,"column":19},"end":{"line":25,"column":3}},"line":22},"3":{"name":"(anonymous_3)","decl":{"start":{"line":26,"column":2},"end":{"line":26,"column":3}},"loc":{"start":{"line":26,"column":16},"end":{"line":30,"column":3}},"line":26},"4":{"name":"(anonymous_4)","decl":{"start":{"line":31,"column":2},"end":{"line":31,"column":3}},"loc":{"start":{"line":31,"column":17},"end":{"line":39,"column":3}},"line":31}},"branchMap":{"0":{"loc":{"start":{"line":9,"column":4},"end":{"line":11,"column":5}},"type":"if","locations":[{"start":{"line":9,"column":4},"end":{"line":11,"column":5}},{"start":{"line":9,"column":4},"end":{"line":11,"column":5}}],"line":9},"1":{"loc":{"start":{"line":12,"column":4},"end":{"line":18,"column":5}},"type":"if","locations":[{"start":{"line":12,"column":4},"end":{"line":18,"column":5}},{"start":{"line":12,"column":4},"end":{"line":18,"column":5}}],"line":12},"2":{"loc":{"start":{"line":14,"column":10},"end":{"line":18,"column":5}},"type":"if","locations":[{"start":{"line":14,"column":10},"end":{"line":18,"column":5}},{"start":{"line":14,"column":10},"end":{"line":18,"column":5}}],"line":14},"3":{"loc":{"start":{"line":16,"column":10},"end":{"line":18,"column":5}},"type":"if","locations":[{"start":{"line":16,"column":10},"end":{"line":18,"column":5}},{"start":{"line":16,"column":10},"end":{"line":18,"column":5}}],"line":16},"4":{"loc":{"start":{"line":33,"column":4},"end":{"line":37,"column":5}},"type":"if","locations":[{"start":{"line":33,"column":4},"end":{"line":37,"column":5}},{"start":{"line":33,"column":4},"end":{"line":37,"column":5}}],"line":33}},"s":{"0":1,"1":2,"2":2,"3":1,"4":1,"5":1,"6":0,"7":0,"8":0,"9":0,"10":0,"11":0,"12":1,"13":1,"14":0,"15":0,"16":0,"17":0,"18":0,"19":1},"f":{"0":2,"1":2,"2":0,"3":1,"4":0},"b":{"0":[1,1],"1":[1,0],"2":[0,0],"3":[0,0],"4":[0,0]},"_coverageSchema":"1a1c01bbd47fc00a2c39e90264f33305004495a9","hash":"52c195d17b4148e6df986c20bfbc5e1e0a50a3ab"}
}
