{"/mnt/c/Users/STD/projects/codefellows/401/notes/DB/note-schema.js": {"path":"/mnt/c/Users/STD/projects/codefellows/401/notes/DB/note-schema.js","statementMap":{"0":{"start":{"line":2,"column":17},"end":{"line":2,"column":36}},"1":{"start":{"line":3,"column":11},"end":{"line":7,"column":2}},"2":{"start":{"line":8,"column":0},"end":{"line":8,"column":46}}},"fnMap":{},"branchMap":{},"s":{"0":1,"1":1,"2":1},"f":{},"b":{},"_coverageSchema":"1a1c01bbd47fc00a2c39e90264f33305004495a9","hash":"cac60663cf8ca0d7e9a9201e7861736ab56ca5d0"}
,"/mnt/c/Users/STD/projects/codefellows/401/notes/lib/input.js": {"path":"/mnt/c/Users/STD/projects/codefellows/401/notes/lib/input.js","statementMap":{"0":{"start":{"line":1,"column":17},"end":{"line":1,"column":36}},"1":{"start":{"line":4,"column":17},"end":{"line":4,"column":48}},"2":{"start":{"line":5,"column":4},"end":{"line":5,"column":28}},"3":{"start":{"line":6,"column":4},"end":{"line":6,"column":36}},"4":{"start":{"line":7,"column":4},"end":{"line":7,"column":24}},"5":{"start":{"line":8,"column":4},"end":{"line":8,"column":28}},"6":{"start":{"line":9,"column":4},"end":{"line":9,"column":32}},"7":{"start":{"line":10,"column":4},"end":{"line":10,"column":22}},"8":{"start":{"line":11,"column":4},"end":{"line":11,"column":24}},"9":{"start":{"line":14,"column":4},"end":{"line":20,"column":5}},"10":{"start":{"line":15,"column":6},"end":{"line":15,"column":19}},"11":{"start":{"line":16,"column":10},"end":{"line":20,"column":5}},"12":{"start":{"line":17,"column":6},"end":{"line":17,"column":19}},"13":{"start":{"line":19,"column":6},"end":{"line":19,"column":18}},"14":{"start":{"line":23,"column":12},"end":{"line":26,"column":5}},"15":{"start":{"line":63,"column":0},"end":{"line":63,"column":23}}},"fnMap":{"0":{"name":"(anonymous_0)","decl":{"start":{"line":3,"column":2},"end":{"line":3,"column":3}},"loc":{"start":{"line":3,"column":16},"end":{"line":11,"column":25}},"line":3},"1":{"name":"(anonymous_1)","decl":{"start":{"line":13,"column":2},"end":{"line":13,"column":3}},"loc":{"start":{"line":13,"column":15},"end":{"line":21,"column":3}},"line":13},"2":{"name":"(anonymous_2)","decl":{"start":{"line":22,"column":2},"end":{"line":22,"column":3}},"loc":{"start":{"line":22,"column":11},"end":{"line":27,"column":3}},"line":22}},"branchMap":{"0":{"loc":{"start":{"line":6,"column":16},"end":{"line":6,"column":35}},"type":"binary-expr","locations":[{"start":{"line":6,"column":16},"end":{"line":6,"column":27}},{"start":{"line":6,"column":29},"end":{"line":6,"column":35}}],"line":6},"1":{"loc":{"start":{"line":14,"column":4},"end":{"line":20,"column":5}},"type":"if","locations":[{"start":{"line":14,"column":4},"end":{"line":20,"column":5}},{"start":{"line":14,"column":4},"end":{"line":20,"column":5}}],"line":14},"2":{"loc":{"start":{"line":14,"column":7},"end":{"line":14,"column":40}},"type":"binary-expr","locations":[{"start":{"line":14,"column":7},"end":{"line":14,"column":25}},{"start":{"line":14,"column":27},"end":{"line":14,"column":40}}],"line":14},"3":{"loc":{"start":{"line":16,"column":10},"end":{"line":20,"column":5}},"type":"if","locations":[{"start":{"line":16,"column":10},"end":{"line":20,"column":5}},{"start":{"line":16,"column":10},"end":{"line":20,"column":5}}],"line":16}},"s":{"0":1,"1":1,"2":1,"3":1,"4":1,"5":1,"6":1,"7":1,"8":1,"9":1,"10":0,"11":1,"12":0,"13":1,"14":0,"15":1},"f":{"0":1,"1":1,"2":0},"b":{"0":[1,1],"1":[0,1],"2":[1,1],"3":[0,1]},"_coverageSchema":"1a1c01bbd47fc00a2c39e90264f33305004495a9","hash":"5f206efe3a01ad63bde068acc9beadd7c9ccb767"}
,"/mnt/c/Users/STD/projects/codefellows/401/notes/model/notes-collection.js": {"path":"/mnt/c/Users/STD/projects/codefellows/401/notes/model/notes-collection.js","statementMap":{"0":{"start":{"line":2,"column":13},"end":{"line":2,"column":44}},"1":{"start":{"line":3,"column":13},"end":{"line":3,"column":32}},"2":{"start":{"line":4,"column":0},"end":{"line":4,"column":39}},"3":{"start":{"line":9,"column":4},"end":{"line":11,"column":5}},"4":{"start":{"line":10,"column":6},"end":{"line":10,"column":39}},"5":{"start":{"line":15,"column":18},"end":{"line":15,"column":33}},"6":{"start":{"line":16,"column":4},"end":{"line":16,"column":26}},"7":{"start":{"line":27,"column":4},"end":{"line":27,"column":56}},"8":{"start":{"line":30,"column":4},"end":{"line":30,"column":40}},"9":{"start":{"line":33,"column":4},"end":{"line":37,"column":5}},"10":{"start":{"line":34,"column":6},"end":{"line":34,"column":53}},"11":{"start":{"line":36,"column":6},"end":{"line":36,"column":29}},"12":{"start":{"line":40,"column":0},"end":{"line":40,"column":27}}},"fnMap":{"0":{"name":"(anonymous_0)","decl":{"start":{"line":7,"column":2},"end":{"line":7,"column":3}},"loc":{"start":{"line":7,"column":15},"end":{"line":7,"column":17}},"line":7},"1":{"name":"(anonymous_1)","decl":{"start":{"line":8,"column":2},"end":{"line":8,"column":3}},"loc":{"start":{"line":8,"column":10},"end":{"line":12,"column":3}},"line":8},"2":{"name":"(anonymous_2)","decl":{"start":{"line":14,"column":2},"end":{"line":14,"column":3}},"loc":{"start":{"line":14,"column":13},"end":{"line":17,"column":3}},"line":14},"3":{"name":"(anonymous_3)","decl":{"start":{"line":26,"column":2},"end":{"line":26,"column":3}},"loc":{"start":{"line":26,"column":17},"end":{"line":28,"column":3}},"line":26},"4":{"name":"(anonymous_4)","decl":{"start":{"line":29,"column":2},"end":{"line":29,"column":3}},"loc":{"start":{"line":29,"column":13},"end":{"line":31,"column":3}},"line":29},"5":{"name":"(anonymous_5)","decl":{"start":{"line":32,"column":2},"end":{"line":32,"column":3}},"loc":{"start":{"line":32,"column":14},"end":{"line":38,"column":3}},"line":32}},"branchMap":{"0":{"loc":{"start":{"line":9,"column":4},"end":{"line":11,"column":5}},"type":"if","locations":[{"start":{"line":9,"column":4},"end":{"line":11,"column":5}},{"start":{"line":9,"column":4},"end":{"line":11,"column":5}}],"line":9},"1":{"loc":{"start":{"line":33,"column":4},"end":{"line":37,"column":5}},"type":"if","locations":[{"start":{"line":33,"column":4},"end":{"line":37,"column":5}},{"start":{"line":33,"column":4},"end":{"line":37,"column":5}}],"line":33}},"s":{"0":1,"1":1,"2":1,"3":1,"4":1,"5":4,"6":4,"7":1,"8":0,"9":1,"10":0,"11":1,"12":1},"f":{"0":1,"1":1,"2":4,"3":1,"4":0,"5":1},"b":{"0":[1,0],"1":[0,1]},"_coverageSchema":"1a1c01bbd47fc00a2c39e90264f33305004495a9","hash":"240e2293c83ab6ed9a9d020a2d4f37cbafaf9123"}
}
