TN:
SF:lib/input.js
FN:20,(anonymous_0)
FN:29,(anonymous_1)
FNF:2
FNH:2
FNDA:2,(anonymous_0)
FNDA:2,(anonymous_1)
DA:1,1
DA:21,2
DA:22,2
DA:23,2
DA:24,0
DA:25,0
DA:26,0
DA:30,2
DA:31,1
DA:33,1
DA:40,1
LF:11
LH:8
BRDA:23,0,0,0
BRDA:23,0,1,2
BRDA:23,1,0,2
BRDA:23,1,1,2
BRDA:30,2,0,1
BRDA:30,2,1,1
BRF:6
BRH:5
end_of_record
TN:
SF:lib/notes.js
FN:21,(anonymous_0)
FN:24,(anonymous_1)
FN:35,(anonymous_2)
FNF:3
FNH:2
FNDA:2,(anonymous_0)
FNDA:2,(anonymous_1)
FNDA:0,(anonymous_2)
DA:22,2
DA:25,2
DA:27,0
DA:30,0
DA:36,0
DA:37,0
DA:38,0
DA:42,1
LF:8
LH:3
BRDA:25,0,0,0
BRDA:25,0,1,0
BRDA:25,1,0,2
BRDA:25,1,1,0
BRF:4
BRH:1
end_of_record
