TN:
SF:DB/note-schema.js
FNF:0
FNH:0
DA:2,1
DA:3,1
DA:8,1
LF:3
LH:3
BRF:0
BRH:0
end_of_record
TN:
SF:lib/input.js
FN:3,(anonymous_0)
FN:13,(anonymous_1)
FN:22,(anonymous_2)
FNF:3
FNH:2
FNDA:1,(anonymous_0)
FNDA:1,(anonymous_1)
FNDA:0,(anonymous_2)
DA:1,1
DA:4,1
DA:5,1
DA:6,1
DA:7,1
DA:8,1
DA:9,1
DA:10,1
DA:11,1
DA:14,1
DA:15,0
DA:16,1
DA:17,0
DA:19,1
DA:23,0
DA:63,1
LF:16
LH:13
BRDA:6,0,0,1
BRDA:6,0,1,1
BRDA:14,1,0,0
BRDA:14,1,1,1
BRDA:14,2,0,1
BRDA:14,2,1,1
BRDA:16,3,0,0
BRDA:16,3,1,1
BRF:8
BRH:6
end_of_record
TN:
SF:model/notes-collection.js
FN:7,(anonymous_0)
FN:8,(anonymous_1)
FN:14,(anonymous_2)
FN:26,(anonymous_3)
FN:29,(anonymous_4)
FN:32,(anonymous_5)
FNF:6
FNH:5
FNDA:1,(anonymous_0)
FNDA:1,(anonymous_1)
FNDA:4,(anonymous_2)
FNDA:1,(anonymous_3)
FNDA:0,(anonymous_4)
FNDA:1,(anonymous_5)
DA:2,1
DA:3,1
DA:4,1
DA:9,1
DA:10,1
DA:15,4
DA:16,4
DA:27,1
DA:30,0
DA:33,1
DA:34,0
DA:36,1
DA:40,1
LF:13
LH:11
BRDA:9,0,0,1
BRDA:9,0,1,0
BRDA:33,1,0,0
BRDA:33,1,1,1
BRF:4
BRH:2
end_of_record
